[debug] [2023-12-10T13:36:30.404Z] ----------------------------------------------------------------------
[debug] [2023-12-10T13:36:30.405Z] Command:       /usr/local/bin/node /usr/local/bin/firebase deploy --only hosting
[debug] [2023-12-10T13:36:30.406Z] CLI Version:   12.9.1
[debug] [2023-12-10T13:36:30.406Z] Platform:      darwin
[debug] [2023-12-10T13:36:30.406Z] Node Version:  v18.16.1
[debug] [2023-12-10T13:36:30.407Z] Time:          Sun Dec 10 2023 07:36:30 GMT-0600 (미 중부 표준시)
[debug] [2023-12-10T13:36:30.407Z] ----------------------------------------------------------------------
[debug] 
[debug] [2023-12-10T13:36:30.446Z] > command requires scopes: ["email","openid","https://www.googleapis.com/auth/cloudplatformprojects.readonly","https://www.googleapis.com/auth/firebase","https://www.googleapis.com/auth/cloud-platform"]
[debug] [2023-12-10T13:36:30.446Z] > authorizing via signed-in user (jaewonhan20@gmail.com)
[debug] [2023-12-10T13:36:30.446Z] [iam] checking project wedding-web-a56d4 for permissions ["firebase.projects.get","firebasehosting.sites.update"]
[debug] [2023-12-10T13:36:30.447Z] >>> [apiv2][query] POST https://cloudresourcemanager.googleapis.com/v1/projects/wedding-web-a56d4:testIamPermissions [none]
[debug] [2023-12-10T13:36:30.447Z] >>> [apiv2][(partial)header] POST https://cloudresourcemanager.googleapis.com/v1/projects/wedding-web-a56d4:testIamPermissions x-goog-quota-user=projects/wedding-web-a56d4
[debug] [2023-12-10T13:36:30.447Z] >>> [apiv2][body] POST https://cloudresourcemanager.googleapis.com/v1/projects/wedding-web-a56d4:testIamPermissions {"permissions":["firebase.projects.get","firebasehosting.sites.update"]}
[debug] [2023-12-10T13:36:30.694Z] <<< [apiv2][status] POST https://cloudresourcemanager.googleapis.com/v1/projects/wedding-web-a56d4:testIamPermissions 200
[debug] [2023-12-10T13:36:30.694Z] <<< [apiv2][body] POST https://cloudresourcemanager.googleapis.com/v1/projects/wedding-web-a56d4:testIamPermissions {"permissions":["firebase.projects.get","firebasehosting.sites.update"]}
[debug] [2023-12-10T13:36:30.695Z] >>> [apiv2][query] GET https://firebase.googleapis.com/v1beta1/projects/wedding-web-a56d4 [none]
[debug] [2023-12-10T13:36:30.993Z] <<< [apiv2][status] GET https://firebase.googleapis.com/v1beta1/projects/wedding-web-a56d4 200
[debug] [2023-12-10T13:36:30.993Z] <<< [apiv2][body] GET https://firebase.googleapis.com/v1beta1/projects/wedding-web-a56d4 {"projectId":"wedding-web-a56d4","projectNumber":"369580023553","displayName":"Wedding-Webstie","name":"projects/wedding-web-a56d4","resources":{"hostingSite":"wedding-web-a56d4","realtimeDatabaseInstance":"wedding-web-a56d4-default-rtdb"},"state":"ACTIVE","etag":"1_ddc5e226-436a-40cf-871a-5cb3a83fc04f"}
[info] 
[info] === Deploying to 'wedding-web-a56d4'...
[info] 
[info] i  deploying hosting 
[debug] [2023-12-10T13:36:30.998Z] >>> [apiv2][query] POST https://firebasehosting.googleapis.com/v1beta1/projects/-/sites/wedding-web-a56d4/versions [none]
[debug] [2023-12-10T13:36:30.999Z] >>> [apiv2][body] POST https://firebasehosting.googleapis.com/v1beta1/projects/-/sites/wedding-web-a56d4/versions {"status":"CREATED","labels":{"deployment-tool":"cli-firebase"}}
[debug] [2023-12-10T13:36:31.867Z] <<< [apiv2][status] POST https://firebasehosting.googleapis.com/v1beta1/projects/-/sites/wedding-web-a56d4/versions 200
[debug] [2023-12-10T13:36:31.867Z] <<< [apiv2][body] POST https://firebasehosting.googleapis.com/v1beta1/projects/-/sites/wedding-web-a56d4/versions {"name":"projects/369580023553/sites/wedding-web-a56d4/versions/91c03a7b25e3ea08","status":"CREATED","config":{},"labels":{"deployment-tool":"cli-firebase"}}
[info] i  hosting[wedding-web-a56d4]: beginning deploy... 
[info] i  hosting[wedding-web-a56d4]: found 25 files in build 
[debug] [2023-12-10T13:36:31.882Z] [hosting] uploading with 200 concurrency
[debug] [2023-12-10T13:36:32.283Z] [hosting] hash cache [YnVpbGQ] stored for 25 files
[debug] [2023-12-10T13:36:32.283Z] [hosting][hash queue][FINAL] {"max":393,"min":10,"avg":93,"active":0,"complete":25,"success":25,"errored":0,"retried":0,"total":25,"elapsed":397}
[debug] [2023-12-10T13:36:32.283Z] >>> [apiv2][query] POST https://firebasehosting.googleapis.com/v1beta1/projects/369580023553/sites/wedding-web-a56d4/versions/91c03a7b25e3ea08:populateFiles [none]
[debug] [2023-12-10T13:36:32.283Z] >>> [apiv2][body] POST https://firebasehosting.googleapis.com/v1beta1/projects/369580023553/sites/wedding-web-a56d4/versions/91c03a7b25e3ea08:populateFiles {"files":{"/asset-manifest.json":"0fe2ef7cac3c84ca7e3b96d7654fd34ddf9006e19650238fef59bb35708ebaf5","/index.html":"4651a0b651ab952193a0dcc10caf05273e4dc8655b92295adac63f0a21b24b30","/static/js/main.7b0a266f.js.LICENSE.txt":"bf7d5ebedee8cd59fa6cbe626c95986bf9fbbf5268fa9b0a15275162bd07d22e","/static/css/main.6c720c1e.css":"a300b4e0c060e84065315a902445a1a9f71d7aafcfc1004d03a1beb687d14b83","/static/media/lg.09cd8e9be7081f216644.svg":"eb6db1f8c2063c3115db13c158afe68fe08f57d419e6831fc476cdb2efa84ee2","/static/media/lg.64b800aa30714fd916dc.woff2":"1f0cd1322c4e4f568155e998f6d609ac2c3b2af00791162a73502ed57e521e38","/static/media/lg.356a0e9cb064c7a196c6.woff":"f7de720668ad8a9c58fa99a6b1b36f2b1f63b1e07756a6a44dd439140882a470","/static/media/lg.747d038541bfc6bb8ea9.ttf":"24a3289f5d7423e01f36065d844f82275553c51ddf94fe4a29925a56ef9e47e9","/static/css/main.6c720c1e.css.map":"a05aa8cc3aacd5b4ee152ad9872110c71fa8b2d04198b90273c3e5f30f9b2773","/images/bride.jpg":"efee9ef7c09ae0fe8f95960aed06b853f07d5d4db0066b6831bd52f0b121f65f","/images/groom.jpg":"1260a8c02839c65ed029746e1147bee4c00fc9e93dd687c189842d1e9036742a","/images/jaewon-child3.jpg":"c62db4d3760223fa13ff36ff9497a8a85f41c44b2accc62a586666151287cedb","/images/jaewon-child2.jpg":"d4133a8e25cd9d10fc9662fd9321a311d3929a96f4d93491be76f9308b397b28","/images/jun-child.jpg":"fc1c8d898715de8c22779c469609af70d08d4e4cb9e792ce80860fd3bbd2f166","/images/video-poster.jpg":"2d2a367bc28e9984c8218064d60865214663cb8053cf77495930baf1a6d5016c","/static/js/main.7b0a266f.js":"4cdc7a64cb71a86e1d891870605870b421c2024ba3c8a6058a9de9a895f990c0","/images/wedding-date.jpg":"90db9bdb10d18c856f38197973bb17df1bfb2134bc5cc26fc6a37bc1de3b47f9","/images/date2.png":"2d99150330033da8e283e773037a0d4c86af9a41e852f2d56d27d50926d32bd3","/images/date.jpg":"bc4eb245d7f2bbc2ff4f47d5cffb3e56257908a63062ce2812c618442b873306","/images/jaewon-child1.jpg":"69f65c227001b2c41ff34b9323f75aa7c113ce1891342b28e8245c30a78e6122","/static/media/banner.41c1cb8eae67f16bb261.jpg":"da0ca05a02d86cff26e61d97e2b7c4fa9036e378a5bdbbb390342bfb52d21ecf","/images/banner.jpg":"da0ca05a02d86cff26e61d97e2b7c4fa9036e378a5bdbbb390342bfb52d21ecf","/menu.pdf":"d9d7fe2913520387d2e7a39aa8ab8d0977bec540c888cf9895e10d782c5ce60c","/static/js/main.7b0a266f.js.map":"e2844f3d17d9b2d0b589eee41a72a8aa3e58d9a0a861428944b6270c5b10ffcd","/static/media/KoPubBatang-Regular.df55160607ad187954c5.ttf":"4c18e35dc7ef00a205c48cb604855ba77f6fff10e560c683c0b1a0f830e2e652"}}
[debug] [2023-12-10T13:36:32.990Z] <<< [apiv2][status] POST https://firebasehosting.googleapis.com/v1beta1/projects/369580023553/sites/wedding-web-a56d4/versions/91c03a7b25e3ea08:populateFiles 200
[debug] [2023-12-10T13:36:32.990Z] <<< [apiv2][body] POST https://firebasehosting.googleapis.com/v1beta1/projects/369580023553/sites/wedding-web-a56d4/versions/91c03a7b25e3ea08:populateFiles {"uploadRequiredHashes":["e2844f3d17d9b2d0b589eee41a72a8aa3e58d9a0a861428944b6270c5b10ffcd","4cdc7a64cb71a86e1d891870605870b421c2024ba3c8a6058a9de9a895f990c0","0fe2ef7cac3c84ca7e3b96d7654fd34ddf9006e19650238fef59bb35708ebaf5","4651a0b651ab952193a0dcc10caf05273e4dc8655b92295adac63f0a21b24b30"],"uploadUrl":"https://upload-firebasehosting.googleapis.com/upload/sites/wedding-web-a56d4/versions/91c03a7b25e3ea08/files"}
[debug] [2023-12-10T13:36:32.992Z] >>> [apiv2][query] POST https://upload-firebasehosting.googleapis.com/upload/sites/wedding-web-a56d4/versions/91c03a7b25e3ea08/files/e2844f3d17d9b2d0b589eee41a72a8aa3e58d9a0a861428944b6270c5b10ffcd [none]
[debug] [2023-12-10T13:36:32.993Z] >>> [apiv2][body] POST https://upload-firebasehosting.googleapis.com/upload/sites/wedding-web-a56d4/versions/91c03a7b25e3ea08/files/e2844f3d17d9b2d0b589eee41a72a8aa3e58d9a0a861428944b6270c5b10ffcd [stream]
[debug] [2023-12-10T13:36:32.995Z] >>> [apiv2][query] POST https://upload-firebasehosting.googleapis.com/upload/sites/wedding-web-a56d4/versions/91c03a7b25e3ea08/files/4cdc7a64cb71a86e1d891870605870b421c2024ba3c8a6058a9de9a895f990c0 [none]
[debug] [2023-12-10T13:36:32.996Z] >>> [apiv2][body] POST https://upload-firebasehosting.googleapis.com/upload/sites/wedding-web-a56d4/versions/91c03a7b25e3ea08/files/4cdc7a64cb71a86e1d891870605870b421c2024ba3c8a6058a9de9a895f990c0 [stream]
[debug] [2023-12-10T13:36:32.997Z] >>> [apiv2][query] POST https://upload-firebasehosting.googleapis.com/upload/sites/wedding-web-a56d4/versions/91c03a7b25e3ea08/files/0fe2ef7cac3c84ca7e3b96d7654fd34ddf9006e19650238fef59bb35708ebaf5 [none]
[debug] [2023-12-10T13:36:32.998Z] >>> [apiv2][body] POST https://upload-firebasehosting.googleapis.com/upload/sites/wedding-web-a56d4/versions/91c03a7b25e3ea08/files/0fe2ef7cac3c84ca7e3b96d7654fd34ddf9006e19650238fef59bb35708ebaf5 [stream]
[debug] [2023-12-10T13:36:32.999Z] >>> [apiv2][query] POST https://upload-firebasehosting.googleapis.com/upload/sites/wedding-web-a56d4/versions/91c03a7b25e3ea08/files/4651a0b651ab952193a0dcc10caf05273e4dc8655b92295adac63f0a21b24b30 [none]
[debug] [2023-12-10T13:36:32.999Z] >>> [apiv2][body] POST https://upload-firebasehosting.googleapis.com/upload/sites/wedding-web-a56d4/versions/91c03a7b25e3ea08/files/4651a0b651ab952193a0dcc10caf05273e4dc8655b92295adac63f0a21b24b30 [stream]
[debug] [2023-12-10T13:36:33.001Z] [hosting][populate queue][FINAL] {"max":710,"min":710,"avg":710,"active":0,"complete":1,"success":1,"errored":0,"retried":0,"total":1,"elapsed":719}
[debug] [2023-12-10T13:36:33.001Z] [hosting] uploads queued: 4
